<?xml version="1.0" encoding="UTF-8"?>
<!-- Generated by org.testng.reporters.JUnitReportReporter -->
<testsuite hostname="DESKTOP-6UL5C5D" failures="0" tests="2" name="Practice_Testng.AllLinksFinding" time="6.401" errors="0" timestamp="2021-02-20T11:16:15 GMT" skipped="0">
  <testcase classname="Practice_Testng.AllLinksFinding" name="linksFind" time="1.175"/>
  <system-out/>
  <testcase classname="Practice_Testng.AllLinksFinding" name="initiazation" time="5.226"/>
  <system-out/>
</testsuite> <!-- Practice_Testng.AllLinksFinding -->
