<?xml version="1.0" encoding="UTF-8"?>
<!-- Generated by org.testng.reporters.JUnitReportReporter -->
<testsuite hostname="DESKTOP-6UL5C5D" failures="0" tests="3" name="Practice_Testng.Priority" time="0.099" errors="0" timestamp="2021-05-05T17:05:49 IST" skipped="0">
  <testcase classname="Practice_Testng.Priority" name="cdd" time="0.084"/>
  <system-out/>
  <testcase classname="Practice_Testng.Priority" name="bdd" time="0.015"/>
  <system-out/>
  <testcase classname="Practice_Testng.Priority" name="add" time="0.000"/>
  <system-out/>
</testsuite> <!-- Practice_Testng.Priority -->
