<?xml version="1.0" encoding="UTF-8"?>
<!-- Generated by org.testng.reporters.JUnitReportReporter -->
<testsuite hostname="DESKTOP-6UL5C5D" failures="0" tests="1" name="Practice_Testng.CrossBrowser" time="59.856" errors="0" timestamp="2021-05-09T00:51:38 IST" skipped="0">
  <testcase classname="Practice_Testng.CrossBrowser" name="browerTest" time="59.856"/>
  <system-out/>
</testsuite> <!-- Practice_Testng.CrossBrowser -->
