<?xml version="1.0" encoding="UTF-8"?>
<!-- Generated by org.testng.reporters.JUnitReportReporter -->
<testsuite hostname="DESKTOP-6UL5C5D" failures="0" tests="1" name="Practice_Testng.Execution_Flow" time="0.011" errors="0" timestamp="2021-02-17T13:57:15 GMT" skipped="0">
  <testcase classname="Practice_Testng.Execution_Flow" name="Test" time="0.011"/>
  <system-out/>
</testsuite> <!-- Practice_Testng.Execution_Flow -->
