<?xml version="1.0" encoding="UTF-8"?>
<!-- Generated by org.testng.reporters.JUnitReportReporter -->
<testsuite hostname="DESKTOP-6UL5C5D" failures="0" tests="1" name="Practice_Testng.PropertyFile" time="51.877" errors="0" timestamp="2021-05-05T17:18:04 IST" skipped="0">
  <testcase classname="Practice_Testng.PropertyFile" name="propertyTest" time="51.877"/>
  <system-out/>
</testsuite> <!-- Practice_Testng.PropertyFile -->
