<?xml version="1.0" encoding="UTF-8"?>
<!-- Generated by org.testng.reporters.JUnitReportReporter -->
<testsuite hostname="DESKTOP-6UL5C5D" failures="0" tests="2" name="Practice_Testng.ParaleTestingl" time="31.877" errors="0" timestamp="2021-02-17T14:51:10 GMT" skipped="0">
  <testcase classname="Practice_Testng.ParaleTestingl" name="FirefoxTest" time="21.134"/>
  <system-out/>
  <testcase classname="Practice_Testng.ParaleTestingl" name="ChromeTest" time="10.743"/>
  <system-out/>
</testsuite> <!-- Practice_Testng.ParaleTestingl -->
