<?xml version="1.0" encoding="UTF-8"?>
<!-- Generated by org.testng.reporters.JUnitReportReporter -->
<testsuite hostname="DESKTOP-6UL5C5D" failures="0" tests="3" name="Practice_Testng.DataProvider" time="0.031" errors="0" timestamp="2021-05-09T00:52:26 IST" skipped="0">
  <testcase classname="Practice_Testng.DataProvider" name="loginTest" time="0.008"/>
  <system-out/>
  <testcase classname="Practice_Testng.DataProvider" name="loginTest" time="0.002"/>
  <system-out/>
  <testcase classname="Practice_Testng.DataProvider" name="loginTest" time="0.021"/>
  <system-out/>
</testsuite> <!-- Practice_Testng.DataProvider -->
