<?xml version="1.0" encoding="UTF-8"?>
<!-- Generated by org.testng.reporters.JUnitReportReporter -->
<testsuite hostname="DESKTOP-6UL5C5D" failures="0" tests="4" name="Practice_Testng.Grouping" time="0.033" errors="0" timestamp="2021-05-05T17:33:44 IST" skipped="0">
  <testcase classname="Practice_Testng.Grouping" name="Sanity2" time="0.003"/>
  <system-out/>
  <testcase classname="Practice_Testng.Grouping" name="Sanity" time="0.008"/>
  <system-out/>
  <testcase classname="Practice_Testng.Grouping" name="Smoke" time="0.003"/>
  <system-out/>
  <testcase classname="Practice_Testng.Grouping" name="Regression" time="0.019"/>
  <system-out/>
</testsuite> <!-- Practice_Testng.Grouping -->
