<?xml version="1.0" encoding="UTF-8"?>
<!-- Generated by org.testng.reporters.JUnitReportReporter -->
<testsuite hostname="DESKTOP-6UL5C5D" failures="0" tests="1" name="Practice_Sele.Practice_Sele.WebElementTestTest" time="0.017" errors="0" timestamp="2021-02-07T14:25:16 GMT" skipped="0">
  <testcase classname="Practice_Sele.Practice_Sele.WebElementTestTest" name="f" time="0.017"/>
  <system-out/>
</testsuite> <!-- Practice_Sele.Practice_Sele.WebElementTestTest -->
