<?xml version="1.0" encoding="UTF-8"?>
<!-- Generated by org.testng.reporters.JUnitReportReporter -->
<testsuite hostname="DESKTOP-6UL5C5D" failures="0" tests="3" name="Practice_Testng.DataProviderTest" time="0.026" errors="0" timestamp="2021-02-20T11:45:48 GMT" skipped="0">
  <testcase classname="Practice_Testng.DataProviderTest" name="loginTest" time="0.022"/>
  <system-out/>
  <testcase classname="Practice_Testng.DataProviderTest" name="loginTest" time="0.000"/>
  <system-out/>
  <testcase classname="Practice_Testng.DataProviderTest" name="loginTest" time="0.004"/>
  <system-out/>
</testsuite> <!-- Practice_Testng.DataProviderTest -->
