<?xml version="1.0" encoding="UTF-8"?>
<!-- Generated by org.testng.reporters.JUnitReportReporter -->
<testsuite hostname="DESKTOP-6UL5C5D" failures="0" tests="3" name="Practice_Testng.Test1" time="0.022" errors="0" timestamp="2021-02-17T14:07:12 GMT" skipped="0">
  <testcase classname="Practice_Testng.Test1" name="cdd" time="0.014"/>
  <system-out/>
  <testcase classname="Practice_Testng.Test1" name="bdd" time="0.003"/>
  <system-out/>
  <testcase classname="Practice_Testng.Test1" name="add" time="0.005"/>
  <system-out/>
</testsuite> <!-- Practice_Testng.Test1 -->
