<?xml version="1.0" encoding="UTF-8"?>
<!-- Generated by org.testng.reporters.JUnitReportReporter -->
<testsuite hostname="DESKTOP-6UL5C5D" failures="0" tests="3" name="Practice_Testng.EnableDisable" time="0.016" errors="0" timestamp="2021-02-17T14:10:05 GMT" skipped="1">
  <testcase classname="Practice_Testng.EnableDisable" name="Test3" time="0.003"/>
  <system-out/>
  <testcase classname="Practice_Testng.EnableDisable" name="Test2" time="0.013"/>
  <system-out/>
  <testcase classname="Practice_Testng.EnableDisable" name="Test1">
    <skipped/>
  </testcase> <!-- Test1 -->
  <system-out/>
</testsuite> <!-- Practice_Testng.EnableDisable -->
