<?xml version="1.0" encoding="UTF-8"?>
<!-- Generated by org.testng.reporters.JUnitReportReporter -->
<testsuite hostname="DESKTOP-6UL5C5D" failures="0" tests="4" name="Practice_Testng.DependsOn" time="0.022" errors="0" timestamp="2021-02-17T14:17:20 GMT" skipped="0">
  <testcase classname="Practice_Testng.DependsOn" name="Test4" time="0.003"/>
  <system-out/>
  <testcase classname="Practice_Testng.DependsOn" name="Test3" time="0.004"/>
  <system-out/>
  <testcase classname="Practice_Testng.DependsOn" name="Test1" time="0.013"/>
  <system-out/>
  <testcase classname="Practice_Testng.DependsOn" name="Test2" time="0.002"/>
  <system-out/>
</testsuite> <!-- Practice_Testng.DependsOn -->
